Using pre-set license

 COMMAND LINE ARGUMENTS:
/Applications/Unity/Hub/Editor/2020.2.6f1/Unity.app/Contents/MacOS/Unity
-adb2
-batchMode
-noUpm
-name
AssetImportWorker0
-projectPath
/Users/malialis/Documents/UnityTuts/NickTowerDefence/NickTowerDefence
-logFile
Logs/AssetImportWorker0.log
-srvPort
49604
Successfully changed project path to: /Users/malialis/Documents/UnityTuts/NickTowerDefence/NickTowerDefence
/Users/malialis/Documents/UnityTuts/NickTowerDefence/NickTowerDefence
Using Asset Import Pipeline V2.
Refreshing native plugins compatible for Editor in 44.77 ms, found 1 plugins.
Preloading 0 native plugins for Editor in 0.00 ms.
Initialize engine version: 2020.2.6f1 (8a2143876886)
[Subsystems] Discovering subsystems at path /Applications/Unity/Hub/Editor/2020.2.6f1/Unity.app/Contents/Resources/UnitySubsystems
[Subsystems] Discovering subsystems at path /Users/malialis/Documents/UnityTuts/NickTowerDefence/NickTowerDefence/Assets
GfxDevice: creating device client; threaded=0
Renderer: AMD Radeon HD 6770M OpenGL Engine
Vendor:   ATI Technologies Inc.
Version:  4.1 ATI-1.68.25
GLES:     0
 GL_ARB_blend_func_extended GL_ARB_draw_buffers_blend GL_ARB_draw_indirect GL_ARB_ES2_compatibility GL_ARB_explicit_attrib_location GL_ARB_gpu_shader5 GL_ARB_instanced_arrays GL_ARB_internalformat_query GL_ARB_occlusion_query2 GL_ARB_sample_shading GL_ARB_sampler_objects GL_ARB_separate_shader_objects GL_ARB_shader_bit_encoding GL_ARB_shader_subroutine GL_ARB_shading_language_include GL_ARB_tessellation_shader GL_ARB_texture_buffer_object_rgb32 GL_ARB_texture_cube_map_array GL_ARB_texture_gather GL_ARB_texture_query_lod GL_ARB_texture_rgb10_a2ui GL_ARB_texture_storage GL_ARB_texture_swizzle GL_ARB_timer_query GL_ARB_transform_feedback2 GL_ARB_transform_feedback3 GL_ARB_vertex_type_2_10_10_10_rev GL_ARB_viewport_array GL_EXT_debug_label GL_EXT_debug_marker GL_EXT_texture_compression_s3tc GL_EXT_texture_filter_anisotropic GL_EXT_texture_mirror_clamp GL_EXT_texture_sRGB_decode GL_APPLE_client_storage GL_APPLE_container_object_shareable GL_APPLE_flush_render GL_APPLE_object_purgeable GL_APPLE_rgb_422 GL_APPLE_ro
w_bytes GL_APPLE_texture_range GL_ATI_texture_mirror_once GL_NV_texture_barrier
OPENGL LOG: Creating OpenGL 4.1 graphics device ; Context level  <OpenGL 4.1> ; Context handle 2005057536
Initialize mono
Mono path[0] = '/Applications/Unity/Hub/Editor/2020.2.6f1/Unity.app/Contents/Managed'
Mono path[1] = '/Applications/Unity/Hub/Editor/2020.2.6f1/Unity.app/Contents/MonoBleedingEdge/lib/mono/unityjit'
Mono config path = '/Applications/Unity/Hub/Editor/2020.2.6f1/Unity.app/Contents/MonoBleedingEdge/etc'
Using monoOptions --debugger-agent=transport=dt_socket,embedding=1,server=y,suspend=n,address=127.0.0.1:56251
Begin MonoManager ReloadAssembly
Registering precompiled unity dll's ...
Register platform support module: /Applications/Unity/Hub/Editor/2020.2.6f1/PlaybackEngines/WebGLSupport/UnityEditor.WebGL.Extensions.dll
Register platform support module: /Applications/Unity/Hub/Editor/2020.2.6f1/Unity.app/Contents/PlaybackEngines/MacStandaloneSupport/UnityEditor.OSXStandalone.Extensions.dll
Registered in 0.000872 seconds.
Native extension for OSXStandalone target not found
Native extension for WebGL target not found
Refreshing native plugins compatible for Editor in 39.31 ms, found 1 plugins.
Preloading 0 native plugins for Editor in 0.00 ms.
Invoked RoslynAnalysisRunner static constructor.
RoslynAnalysisRunner will not be running.
RoslynAnalysisRunner has terminated.
Mono: successfully reloaded assembly
- Completed reload, in  2.989 seconds
Platform modules already initialized, skipping
Registering precompiled user dll's ...
Registered in 0.000419 seconds.
Begin MonoManager ReloadAssembly
Native extension for OSXStandalone target not found
Native extension for WebGL target not found
Refreshing native plugins compatible for Editor in 0.25 ms, found 1 plugins.
Preloading 0 native plugins for Editor in 0.00 ms.
Invoked RoslynAnalysisRunner static constructor.
RoslynAnalysisRunner will not be running.
RoslynAnalysisRunner has terminated.
Mono: successfully reloaded assembly
- Completed reload, in  1.257 seconds
Platform modules already initialized, skipping
========================================================================
Worker process is ready to serve import requests
Launching external process: /Applications/Unity/Hub/Editor/2020.2.6f1/Unity.app/Contents/Tools/UnityShaderCompiler
Launched and connected shader compiler UnityShaderCompiler after 0.02 seconds
Refreshing native plugins compatible for Editor in 0.24 ms, found 1 plugins.
Preloading 0 native plugins for Editor in 0.00 ms.
Unloading 1114 Unused Serialized files (Serialized files now loaded: 0)
System memory in use before: 109.6 MB.
System memory in use after: 109.7 MB.

Unloading 10 unused Assets to reduce memory usage. Loaded Objects now: 1557.
Total: 1.952446 ms (FindLiveObjects: 0.204236 ms CreateObjectMapping: 0.050144 ms MarkObjects: 1.603596 ms  DeleteObjects: 0.092467 ms)

========================================================================
Received Import Request.
  path: Assets/Prefabs/Environment/Node.prefab
  artifactKey: Guid(b25d3d97e18bf40bf80b2a3c2674762b) Importer(815301076,1909f56bfc062723c751e8b465ee728b)
Start importing Assets/Prefabs/Environment/Node.prefab using Guid(b25d3d97e18bf40bf80b2a3c2674762b) Importer(815301076,1909f56bfc062723c751e8b465ee728b)  -> (artifact id: '0e6413b74fec0f03d52d99bfd843827e') in 0.399589 seconds
  Import took 0.401842 seconds .

========================================================================
Received Import Request.
  Time since last request: 14.429777 seconds.
  path: Assets/Prefabs/Environment/Node.prefab
  artifactKey: Guid(b25d3d97e18bf40bf80b2a3c2674762b) Importer(815301076,1909f56bfc062723c751e8b465ee728b)
Start importing Assets/Prefabs/Environment/Node.prefab using Guid(b25d3d97e18bf40bf80b2a3c2674762b) Importer(815301076,1909f56bfc062723c751e8b465ee728b)  -> (artifact id: '836ea623b2682aaf15395ddfd7a404e6') in 0.011822 seconds
  Import took 0.014529 seconds .

========================================================================
Received Import Request.
  Time since last request: 100.539280 seconds.
  path: Assets/Fonts
  artifactKey: Guid(e58de71e4148d495f9844b4da79cf33e) Importer(815301076,1909f56bfc062723c751e8b465ee728b)
Start importing Assets/Fonts using Guid(e58de71e4148d495f9844b4da79cf33e) Importer(815301076,1909f56bfc062723c751e8b465ee728b)  -> (artifact id: 'fe522d0f0cc322ef9b036351184474c5') in 0.001674 seconds
  Import took 0.003908 seconds .

========================================================================
Received Prepare
Registering precompiled user dll's ...
Registered in 0.000598 seconds.
Begin MonoManager ReloadAssembly
Native extension for OSXStandalone target not found
Native extension for WebGL target not found
Refreshing native plugins compatible for Editor in 0.28 ms, found 1 plugins.
Preloading 0 native plugins for Editor in 0.00 ms.
Invoked RoslynAnalysisRunner static constructor.
RoslynAnalysisRunner will not be running.
RoslynAnalysisRunner has terminated.
Mono: successfully reloaded assembly
- Completed reload, in  1.137 seconds
Platform modules already initialized, skipping
Refreshing native plugins compatible for Editor in 0.27 ms, found 1 plugins.
Preloading 0 native plugins for Editor in 0.00 ms.
Unloading 1109 Unused Serialized files (Serialized files now loaded: 0)
System memory in use before: 117.2 MB.
System memory in use after: 117.3 MB.

Unloading 5 unused Assets to reduce memory usage. Loaded Objects now: 1567.
Total: 1.694040 ms (FindLiveObjects: 0.156456 ms CreateObjectMapping: 0.043727 ms MarkObjects: 1.430088 ms  DeleteObjects: 0.061806 ms)

========================================================================
Received Prepare
Registering precompiled user dll's ...
Registered in 0.000444 seconds.
Begin MonoManager ReloadAssembly
Native extension for OSXStandalone target not found
Native extension for WebGL target not found
Refreshing native plugins compatible for Editor in 0.26 ms, found 1 plugins.
Preloading 0 native plugins for Editor in 0.00 ms.
Invoked RoslynAnalysisRunner static constructor.
RoslynAnalysisRunner will not be running.
RoslynAnalysisRunner has terminated.
Mono: successfully reloaded assembly
- Completed reload, in  1.305 seconds
Platform modules already initialized, skipping
Refreshing native plugins compatible for Editor in 0.44 ms, found 1 plugins.
Preloading 0 native plugins for Editor in 0.00 ms.
Unloading 1109 Unused Serialized files (Serialized files now loaded: 0)
System memory in use before: 117.5 MB.
System memory in use after: 117.6 MB.

Unloading 5 unused Assets to reduce memory usage. Loaded Objects now: 1569.
Total: 2.350657 ms (FindLiveObjects: 0.262193 ms CreateObjectMapping: 0.061187 ms MarkObjects: 1.950150 ms  DeleteObjects: 0.073280 ms)

========================================================================
Received Prepare
Registering precompiled user dll's ...
Registered in 0.000435 seconds.
Begin MonoManager ReloadAssembly
Native extension for OSXStandalone target not found
Native extension for WebGL target not found
Refreshing native plugins compatible for Editor in 0.27 ms, found 1 plugins.
Preloading 0 native plugins for Editor in 0.00 ms.
Invoked RoslynAnalysisRunner static constructor.
RoslynAnalysisRunner will not be running.
RoslynAnalysisRunner has terminated.
Mono: successfully reloaded assembly
- Completed reload, in  1.159 seconds
Platform modules already initialized, skipping
Refreshing native plugins compatible for Editor in 0.26 ms, found 1 plugins.
Preloading 0 native plugins for Editor in 0.00 ms.
Unloading 1109 Unused Serialized files (Serialized files now loaded: 0)
System memory in use before: 117.7 MB.
System memory in use after: 117.7 MB.

Unloading 5 unused Assets to reduce memory usage. Loaded Objects now: 1571.
Total: 1.707986 ms (FindLiveObjects: 0.219009 ms CreateObjectMapping: 0.045860 ms MarkObjects: 1.388334 ms  DeleteObjects: 0.052843 ms)

========================================================================
Received Import Request.
  Time since last request: 852.765953 seconds.
  path: Assets/Scripts/UI
  artifactKey: Guid(4cdf5b63c38164d8ba2738f9ecdf1dc9) Importer(815301076,1909f56bfc062723c751e8b465ee728b)
Start importing Assets/Scripts/UI using Guid(4cdf5b63c38164d8ba2738f9ecdf1dc9) Importer(815301076,1909f56bfc062723c751e8b465ee728b)  -> (artifact id: '3f48f6c8017eef1db3e3df775757bb5a') in 0.004200 seconds
  Import took 0.006519 seconds .

========================================================================
Received Import Request.
  Time since last request: 10.294611 seconds.
  path: Assets/Scripts/UI/MoneyUI.cs
  artifactKey: Guid(5f66e9d7cdf564dc0aa708609d3caff5) Importer(815301076,1909f56bfc062723c751e8b465ee728b)
Start importing Assets/Scripts/UI/MoneyUI.cs using Guid(5f66e9d7cdf564dc0aa708609d3caff5) Importer(815301076,1909f56bfc062723c751e8b465ee728b)  -> (artifact id: '01076f02855a6a89cc1336b63427f6be') in 0.037170 seconds
  Import took 0.039716 seconds .

========================================================================
Received Prepare
Registering precompiled user dll's ...
Registered in 0.000470 seconds.
Begin MonoManager ReloadAssembly
Native extension for OSXStandalone target not found
Native extension for WebGL target not found
Refreshing native plugins compatible for Editor in 0.27 ms, found 1 plugins.
Preloading 0 native plugins for Editor in 0.00 ms.
Invoked RoslynAnalysisRunner static constructor.
RoslynAnalysisRunner will not be running.
RoslynAnalysisRunner has terminated.
Mono: successfully reloaded assembly
- Completed reload, in  1.161 seconds
Platform modules already initialized, skipping
Refreshing native plugins compatible for Editor in 0.27 ms, found 1 plugins.
Preloading 0 native plugins for Editor in 0.00 ms.
Unloading 1110 Unused Serialized files (Serialized files now loaded: 0)
System memory in use before: 122.0 MB.
System memory in use after: 122.1 MB.

Unloading 5 unused Assets to reduce memory usage. Loaded Objects now: 1574.
Total: 1.689840 ms (FindLiveObjects: 0.160188 ms CreateObjectMapping: 0.044513 ms MarkObjects: 1.427450 ms  DeleteObjects: 0.055737 ms)

========================================================================
Received Prepare
Registering precompiled user dll's ...
Registered in 0.000477 seconds.
Begin MonoManager ReloadAssembly
Native extension for OSXStandalone target not found
Native extension for WebGL target not found
Refreshing native plugins compatible for Editor in 0.28 ms, found 1 plugins.
Preloading 0 native plugins for Editor in 0.00 ms.
Invoked RoslynAnalysisRunner static constructor.
RoslynAnalysisRunner will not be running.
RoslynAnalysisRunner has terminated.
Mono: successfully reloaded assembly
- Completed reload, in  1.187 seconds
Platform modules already initialized, skipping
Refreshing native plugins compatible for Editor in 0.25 ms, found 1 plugins.
Preloading 0 native plugins for Editor in 0.00 ms.
Unloading 1110 Unused Serialized files (Serialized files now loaded: 0)
System memory in use before: 122.2 MB.
System memory in use after: 122.3 MB.

Unloading 5 unused Assets to reduce memory usage. Loaded Objects now: 1576.
Total: 1.709845 ms (FindLiveObjects: 0.192189 ms CreateObjectMapping: 0.054213 ms MarkObjects: 1.408042 ms  DeleteObjects: 0.053456 ms)

========================================================================
Received Import Request.
  Time since last request: 53.066128 seconds.
  path: Assets/Scripts/Environment
  artifactKey: Guid(b9767fb79006f4efd96920b58c5d5009) Importer(815301076,1909f56bfc062723c751e8b465ee728b)
Start importing Assets/Scripts/Environment using Guid(b9767fb79006f4efd96920b58c5d5009) Importer(815301076,1909f56bfc062723c751e8b465ee728b)  -> (artifact id: 'ae28e4dd9cd7df4e6f27f7cd3a6e598d') in 0.004844 seconds
  Import took 0.007271 seconds .

========================================================================
Received Prepare
Registering precompiled user dll's ...
Registered in 0.000477 seconds.
Begin MonoManager ReloadAssembly
Native extension for OSXStandalone target not found
Native extension for WebGL target not found
Refreshing native plugins compatible for Editor in 0.31 ms, found 1 plugins.
Preloading 0 native plugins for Editor in 0.00 ms.
Invoked RoslynAnalysisRunner static constructor.
RoslynAnalysisRunner will not be running.
RoslynAnalysisRunner has terminated.
Mono: successfully reloaded assembly
- Completed reload, in  1.167 seconds
Platform modules already initialized, skipping
Refreshing native plugins compatible for Editor in 0.26 ms, found 1 plugins.
Preloading 0 native plugins for Editor in 0.00 ms.
Unloading 1110 Unused Serialized files (Serialized files now loaded: 0)
System memory in use before: 122.3 MB.
System memory in use after: 122.4 MB.

Unloading 5 unused Assets to reduce memory usage. Loaded Objects now: 1578.
Total: 2.061852 ms (FindLiveObjects: 0.192556 ms CreateObjectMapping: 0.055362 ms MarkObjects: 1.744913 ms  DeleteObjects: 0.066826 ms)

========================================================================
Received Prepare
Registering precompiled user dll's ...
Registered in 0.000578 seconds.
Begin MonoManager ReloadAssembly
Native extension for OSXStandalone target not found
Native extension for WebGL target not found
Refreshing native plugins compatible for Editor in 0.26 ms, found 1 plugins.
Preloading 0 native plugins for Editor in 0.00 ms.
Invoked RoslynAnalysisRunner static constructor.
RoslynAnalysisRunner will not be running.
RoslynAnalysisRunner has terminated.
Mono: successfully reloaded assembly
- Completed reload, in  1.157 seconds
Platform modules already initialized, skipping
Refreshing native plugins compatible for Editor in 0.27 ms, found 1 plugins.
Preloading 0 native plugins for Editor in 0.00 ms.
Unloading 1110 Unused Serialized files (Serialized files now loaded: 0)
System memory in use before: 122.5 MB.
System memory in use after: 122.6 MB.

Unloading 5 unused Assets to reduce memory usage. Loaded Objects now: 1580.
Total: 1.961361 ms (FindLiveObjects: 0.151843 ms CreateObjectMapping: 0.055793 ms MarkObjects: 1.687005 ms  DeleteObjects: 0.064822 ms)

========================================================================
Received Prepare
Registering precompiled user dll's ...
Registered in 0.000479 seconds.
Begin MonoManager ReloadAssembly
Native extension for OSXStandalone target not found
Native extension for WebGL target not found
Refreshing native plugins compatible for Editor in 0.26 ms, found 1 plugins.
Preloading 0 native plugins for Editor in 0.00 ms.
Invoked RoslynAnalysisRunner static constructor.
RoslynAnalysisRunner will not be running.
RoslynAnalysisRunner has terminated.
Mono: successfully reloaded assembly
- Completed reload, in  1.195 seconds
Platform modules already initialized, skipping
Refreshing native plugins compatible for Editor in 0.29 ms, found 1 plugins.
Preloading 0 native plugins for Editor in 0.00 ms.
Unloading 1110 Unused Serialized files (Serialized files now loaded: 0)
System memory in use before: 122.7 MB.
System memory in use after: 122.7 MB.

Unloading 5 unused Assets to reduce memory usage. Loaded Objects now: 1582.
Total: 1.808459 ms (FindLiveObjects: 0.166553 ms CreateObjectMapping: 0.048356 ms MarkObjects: 1.533685 ms  DeleteObjects: 0.057782 ms)

========================================================================
Received Prepare
Registering precompiled user dll's ...
Registered in 0.000482 seconds.
Begin MonoManager ReloadAssembly
Native extension for OSXStandalone target not found
Native extension for WebGL target not found
Refreshing native plugins compatible for Editor in 0.25 ms, found 1 plugins.
Preloading 0 native plugins for Editor in 0.00 ms.
Invoked RoslynAnalysisRunner static constructor.
RoslynAnalysisRunner will not be running.
RoslynAnalysisRunner has terminated.
Mono: successfully reloaded assembly
- Completed reload, in  1.189 seconds
Platform modules already initialized, skipping
Refreshing native plugins compatible for Editor in 0.27 ms, found 1 plugins.
Preloading 0 native plugins for Editor in 0.00 ms.
Unloading 1110 Unused Serialized files (Serialized files now loaded: 0)
System memory in use before: 122.8 MB.
System memory in use after: 122.9 MB.

Unloading 5 unused Assets to reduce memory usage. Loaded Objects now: 1584.
Total: 1.720180 ms (FindLiveObjects: 0.226389 ms CreateObjectMapping: 0.057631 ms MarkObjects: 1.381012 ms  DeleteObjects: 0.053149 ms)

========================================================================
Received Prepare
Registering precompiled user dll's ...
Registered in 0.000503 seconds.
Begin MonoManager ReloadAssembly
Native extension for OSXStandalone target not found
Native extension for WebGL target not found
Refreshing native plugins compatible for Editor in 0.27 ms, found 1 plugins.
Preloading 0 native plugins for Editor in 0.00 ms.
Invoked RoslynAnalysisRunner static constructor.
RoslynAnalysisRunner will not be running.
RoslynAnalysisRunner has terminated.
Mono: successfully reloaded assembly
- Completed reload, in  1.252 seconds
Platform modules already initialized, skipping
Refreshing native plugins compatible for Editor in 0.27 ms, found 1 plugins.
Preloading 0 native plugins for Editor in 0.00 ms.
Unloading 1110 Unused Serialized files (Serialized files now loaded: 0)
System memory in use before: 123.0 MB.
System memory in use after: 123.1 MB.

Unloading 5 unused Assets to reduce memory usage. Loaded Objects now: 1586.
Total: 1.724607 ms (FindLiveObjects: 0.184240 ms CreateObjectMapping: 0.050285 ms MarkObjects: 1.434154 ms  DeleteObjects: 0.053811 ms)

========================================================================
Received Prepare
Registering precompiled user dll's ...
Registered in 0.000514 seconds.
Begin MonoManager ReloadAssembly
Native extension for OSXStandalone target not found
Native extension for WebGL target not found
Refreshing native plugins compatible for Editor in 0.32 ms, found 1 plugins.
Preloading 0 native plugins for Editor in 0.00 ms.
Invoked RoslynAnalysisRunner static constructor.
RoslynAnalysisRunner will not be running.
RoslynAnalysisRunner has terminated.
Mono: successfully reloaded assembly
- Completed reload, in  1.207 seconds
Platform modules already initialized, skipping
Refreshing native plugins compatible for Editor in 0.27 ms, found 1 plugins.
Preloading 0 native plugins for Editor in 0.00 ms.
Unloading 1110 Unused Serialized files (Serialized files now loaded: 0)
System memory in use before: 123.1 MB.
System memory in use after: 123.2 MB.

Unloading 5 unused Assets to reduce memory usage. Loaded Objects now: 1588.
Total: 1.879395 ms (FindLiveObjects: 0.166787 ms CreateObjectMapping: 0.054493 ms MarkObjects: 1.598366 ms  DeleteObjects: 0.058003 ms)

========================================================================
Received Import Request.
  Time since last request: 5848.623020 seconds.
  path: Assets/Prefabs/UI/ShopTurretItem.prefab
  artifactKey: Guid(e1318535a42db43f08e50ced736bcae3) Importer(815301076,1909f56bfc062723c751e8b465ee728b)
Start importing Assets/Prefabs/UI/ShopTurretItem.prefab using Guid(e1318535a42db43f08e50ced736bcae3) Importer(815301076,1909f56bfc062723c751e8b465ee728b)  -> (artifact id: '98a972f105f6b14f4cf4e3fe45400329') in 0.061559 seconds
  Import took 0.064202 seconds .

========================================================================
Received Import Request.
  Time since last request: 0.000694 seconds.
  path: Assets/Prefabs/UI/ShopTurretItem.prefab
  artifactKey: Guid(e1318535a42db43f08e50ced736bcae3) Importer(815301076,1909f56bfc062723c751e8b465ee728b)
Start importing Assets/Prefabs/UI/ShopTurretItem.prefab using Guid(e1318535a42db43f08e50ced736bcae3) Importer(815301076,1909f56bfc062723c751e8b465ee728b)  -> (artifact id: '98a972f105f6b14f4cf4e3fe45400329') in 0.004212 seconds
  Import took 0.006703 seconds .

========================================================================
Received Import Request.
  Time since last request: 528.621718 seconds.
  path: Assets/Prefabs/SFX/AreaExplosion
  artifactKey: Guid(e82c00303af394e4a9ab5e153d9dd0d5) Importer(815301076,1909f56bfc062723c751e8b465ee728b)
Start importing Assets/Prefabs/SFX/AreaExplosion using Guid(e82c00303af394e4a9ab5e153d9dd0d5) Importer(815301076,1909f56bfc062723c751e8b465ee728b)  -> (artifact id: '858335bb414e4a27e8bab764c14aa757') in 0.001619 seconds
  Import took 0.004068 seconds .

========================================================================
Received Import Request.
  Time since last request: 2.221188 seconds.
  path: Assets/Prefabs/SFX/AreaExplosion.prefab
  artifactKey: Guid(b5c0e95efc8d34aeba892fe9f1c1b680) Importer(815301076,1909f56bfc062723c751e8b465ee728b)
Start importing Assets/Prefabs/SFX/AreaExplosion.prefab using Guid(b5c0e95efc8d34aeba892fe9f1c1b680) Importer(815301076,1909f56bfc062723c751e8b465ee728b)  -> (artifact id: '889d7e6e9077537c414be16b119254b6') in 0.008131 seconds
  Import took 0.011527 seconds .

========================================================================
Received Import Request.
  Time since last request: 0.020935 seconds.
  path: Assets/Prefabs/SFX/AreaExplosion.prefab
  artifactKey: Guid(b5c0e95efc8d34aeba892fe9f1c1b680) Importer(815301076,1909f56bfc062723c751e8b465ee728b)
Start importing Assets/Prefabs/SFX/AreaExplosion.prefab using Guid(b5c0e95efc8d34aeba892fe9f1c1b680) Importer(815301076,1909f56bfc062723c751e8b465ee728b)  -> (artifact id: '889d7e6e9077537c414be16b119254b6') in 0.004245 seconds
  Import took 0.006837 seconds .

========================================================================
Received Import Request.
  Time since last request: 17.930633 seconds.
  path: Assets/Prefabs/SFX/HitExplosion 1.prefab
  artifactKey: Guid(65ae3b52e6b45417ab3e582014f874ed) Importer(815301076,1909f56bfc062723c751e8b465ee728b)
Start importing Assets/Prefabs/SFX/HitExplosion 1.prefab using Guid(65ae3b52e6b45417ab3e582014f874ed) Importer(815301076,1909f56bfc062723c751e8b465ee728b)  -> (artifact id: '0c8a0c80b31d04632170b1f797e341fe') in 0.005460 seconds
  Import took 0.008035 seconds .

========================================================================
Received Import Request.
  Time since last request: 0.002214 seconds.
  path: Assets/Prefabs/SFX/HitExplosion 1.prefab
  artifactKey: Guid(65ae3b52e6b45417ab3e582014f874ed) Importer(815301076,1909f56bfc062723c751e8b465ee728b)
Start importing Assets/Prefabs/SFX/HitExplosion 1.prefab using Guid(65ae3b52e6b45417ab3e582014f874ed) Importer(815301076,1909f56bfc062723c751e8b465ee728b)  -> (artifact id: '0c8a0c80b31d04632170b1f797e341fe') in 0.004660 seconds
  Import took 0.007296 seconds .

========================================================================
Received Import Request.
  Time since last request: 14.384710 seconds.
  path: Assets/Prefabs/SFX/BuildEffect.prefab
  artifactKey: Guid(c96c04f6e57684ea1814fd67159f4de8) Importer(815301076,1909f56bfc062723c751e8b465ee728b)
Start importing Assets/Prefabs/SFX/BuildEffect.prefab using Guid(c96c04f6e57684ea1814fd67159f4de8) Importer(815301076,1909f56bfc062723c751e8b465ee728b)  -> (artifact id: 'cf32e6a334f842169b844f8d3317b581') in 0.005950 seconds
  Import took 0.008713 seconds .

========================================================================
Received Import Request.
  Time since last request: 0.001278 seconds.
  path: Assets/Prefabs/SFX/BuildEffect.prefab
  artifactKey: Guid(c96c04f6e57684ea1814fd67159f4de8) Importer(815301076,1909f56bfc062723c751e8b465ee728b)
Start importing Assets/Prefabs/SFX/BuildEffect.prefab using Guid(c96c04f6e57684ea1814fd67159f4de8) Importer(815301076,1909f56bfc062723c751e8b465ee728b)  -> (artifact id: 'cf32e6a334f842169b844f8d3317b581') in 0.005578 seconds
  Import took 0.008095 seconds .

========================================================================
Received Prepare
Registering precompiled user dll's ...
Registered in 0.000464 seconds.
Begin MonoManager ReloadAssembly
Native extension for OSXStandalone target not found
Native extension for WebGL target not found
Refreshing native plugins compatible for Editor in 0.32 ms, found 1 plugins.
Preloading 0 native plugins for Editor in 0.00 ms.
Invoked RoslynAnalysisRunner static constructor.
RoslynAnalysisRunner will not be running.
RoslynAnalysisRunner has terminated.
Mono: successfully reloaded assembly
- Completed reload, in  1.171 seconds
Platform modules already initialized, skipping
Refreshing native plugins compatible for Editor in 0.27 ms, found 1 plugins.
Preloading 0 native plugins for Editor in 0.00 ms.
Unloading 1110 Unused Serialized files (Serialized files now loaded: 0)
System memory in use before: 123.4 MB.
System memory in use after: 123.5 MB.

Unloading 5 unused Assets to reduce memory usage. Loaded Objects now: 1592.
Total: 1.730106 ms (FindLiveObjects: 0.194731 ms CreateObjectMapping: 0.043655 ms MarkObjects: 1.436442 ms  DeleteObjects: 0.053451 ms)

========================================================================
Received Prepare
Registering precompiled user dll's ...
Registered in 0.000498 seconds.
Begin MonoManager ReloadAssembly
Native extension for OSXStandalone target not found
Native extension for WebGL target not found
Refreshing native plugins compatible for Editor in 0.27 ms, found 1 plugins.
Preloading 0 native plugins for Editor in 0.00 ms.
Invoked RoslynAnalysisRunner static constructor.
RoslynAnalysisRunner will not be running.
RoslynAnalysisRunner has terminated.
Mono: successfully reloaded assembly
- Completed reload, in  1.194 seconds
Platform modules already initialized, skipping
Refreshing native plugins compatible for Editor in 0.30 ms, found 1 plugins.
Preloading 0 native plugins for Editor in 0.00 ms.
Unloading 1110 Unused Serialized files (Serialized files now loaded: 0)
System memory in use before: 123.6 MB.
System memory in use after: 123.7 MB.

Unloading 5 unused Assets to reduce memory usage. Loaded Objects now: 1594.
Total: 1.971753 ms (FindLiveObjects: 0.162791 ms CreateObjectMapping: 0.044879 ms MarkObjects: 1.698298 ms  DeleteObjects: 0.063523 ms)

========================================================================
Received Prepare
Registering precompiled user dll's ...
Registered in 0.000587 seconds.
Begin MonoManager ReloadAssembly
Native extension for OSXStandalone target not found
Native extension for WebGL target not found
Refreshing native plugins compatible for Editor in 0.25 ms, found 1 plugins.
Preloading 0 native plugins for Editor in 0.00 ms.
Invoked RoslynAnalysisRunner static constructor.
RoslynAnalysisRunner will not be running.
RoslynAnalysisRunner has terminated.
Mono: successfully reloaded assembly
- Completed reload, in  1.293 seconds
Platform modules already initialized, skipping
Refreshing native plugins compatible for Editor in 0.28 ms, found 1 plugins.
Preloading 0 native plugins for Editor in 0.00 ms.
Unloading 1110 Unused Serialized files (Serialized files now loaded: 0)
System memory in use before: 123.8 MB.
System memory in use after: 123.8 MB.

Unloading 5 unused Assets to reduce memory usage. Loaded Objects now: 1596.
Total: 2.295583 ms (FindLiveObjects: 0.167511 ms CreateObjectMapping: 0.049547 ms MarkObjects: 1.966822 ms  DeleteObjects: 0.109357 ms)

========================================================================
Received Prepare
Registering precompiled user dll's ...
Registered in 0.000497 seconds.
Begin MonoManager ReloadAssembly
Native extension for OSXStandalone target not found
Native extension for WebGL target not found
Refreshing native plugins compatible for Editor in 0.27 ms, found 1 plugins.
Preloading 0 native plugins for Editor in 0.00 ms.
Invoked RoslynAnalysisRunner static constructor.
RoslynAnalysisRunner will not be running.
RoslynAnalysisRunner has terminated.
Mono: successfully reloaded assembly
- Completed reload, in  1.122 seconds
Platform modules already initialized, skipping
Refreshing native plugins compatible for Editor in 0.27 ms, found 1 plugins.
Preloading 0 native plugins for Editor in 0.00 ms.
Unloading 1110 Unused Serialized files (Serialized files now loaded: 0)
System memory in use before: 123.9 MB.
System memory in use after: 124.0 MB.

Unloading 5 unused Assets to reduce memory usage. Loaded Objects now: 1598.
Total: 1.892536 ms (FindLiveObjects: 0.180965 ms CreateObjectMapping: 0.055823 ms MarkObjects: 1.593712 ms  DeleteObjects: 0.060205 ms)

========================================================================
Received Prepare
Registering precompiled user dll's ...
Registered in 0.000439 seconds.
Begin MonoManager ReloadAssembly
Native extension for OSXStandalone target not found
Native extension for WebGL target not found
Refreshing native plugins compatible for Editor in 0.30 ms, found 1 plugins.
Preloading 0 native plugins for Editor in 0.00 ms.
Invoked RoslynAnalysisRunner static constructor.
RoslynAnalysisRunner will not be running.
RoslynAnalysisRunner has terminated.
Mono: successfully reloaded assembly
- Completed reload, in  1.212 seconds
Platform modules already initialized, skipping
Refreshing native plugins compatible for Editor in 0.25 ms, found 1 plugins.
Preloading 0 native plugins for Editor in 0.00 ms.
Unloading 1110 Unused Serialized files (Serialized files now loaded: 0)
System memory in use before: 124.1 MB.
System memory in use after: 124.2 MB.

Unloading 5 unused Assets to reduce memory usage. Loaded Objects now: 1600.
Total: 1.694196 ms (FindLiveObjects: 0.204180 ms CreateObjectMapping: 0.042780 ms MarkObjects: 1.393912 ms  DeleteObjects: 0.051432 ms)

========================================================================
Received Prepare
Registering precompiled user dll's ...
Registered in 0.000545 seconds.
Begin MonoManager ReloadAssembly
Native extension for OSXStandalone target not found
Native extension for WebGL target not found
Refreshing native plugins compatible for Editor in 0.27 ms, found 1 plugins.
Preloading 0 native plugins for Editor in 0.00 ms.
Invoked RoslynAnalysisRunner static constructor.
RoslynAnalysisRunner will not be running.
RoslynAnalysisRunner has terminated.
Mono: successfully reloaded assembly
- Completed reload, in  1.207 seconds
Platform modules already initialized, skipping
Refreshing native plugins compatible for Editor in 0.27 ms, found 1 plugins.
Preloading 0 native plugins for Editor in 0.00 ms.
Unloading 1110 Unused Serialized files (Serialized files now loaded: 0)
System memory in use before: 124.2 MB.
System memory in use after: 124.3 MB.

Unloading 5 unused Assets to reduce memory usage. Loaded Objects now: 1602.
Total: 1.857755 ms (FindLiveObjects: 0.162885 ms CreateObjectMapping: 0.048534 ms MarkObjects: 1.587355 ms  DeleteObjects: 0.057440 ms)

========================================================================
Received Prepare
Registering precompiled user dll's ...
Registered in 0.000395 seconds.
Begin MonoManager ReloadAssembly
Native extension for OSXStandalone target not found
Native extension for WebGL target not found
Refreshing native plugins compatible for Editor in 0.25 ms, found 1 plugins.
Preloading 0 native plugins for Editor in 0.00 ms.
Invoked RoslynAnalysisRunner static constructor.
RoslynAnalysisRunner will not be running.
RoslynAnalysisRunner has terminated.
Mono: successfully reloaded assembly
- Completed reload, in  1.131 seconds
Platform modules already initialized, skipping
Refreshing native plugins compatible for Editor in 0.27 ms, found 1 plugins.
Preloading 0 native plugins for Editor in 0.00 ms.
Unloading 1110 Unused Serialized files (Serialized files now loaded: 0)
System memory in use before: 124.4 MB.
System memory in use after: 124.5 MB.

Unloading 5 unused Assets to reduce memory usage. Loaded Objects now: 1604.
Total: 1.816263 ms (FindLiveObjects: 0.240860 ms CreateObjectMapping: 0.079023 ms MarkObjects: 1.441013 ms  DeleteObjects: 0.053137 ms)

========================================================================
Received Prepare
Registering precompiled user dll's ...
Registered in 0.000557 seconds.
Begin MonoManager ReloadAssembly
Native extension for OSXStandalone target not found
Native extension for WebGL target not found
Refreshing native plugins compatible for Editor in 0.25 ms, found 1 plugins.
Preloading 0 native plugins for Editor in 0.00 ms.
Invoked RoslynAnalysisRunner static constructor.
RoslynAnalysisRunner will not be running.
RoslynAnalysisRunner has terminated.
Mono: successfully reloaded assembly
- Completed reload, in  1.186 seconds
Platform modules already initialized, skipping
Refreshing native plugins compatible for Editor in 0.31 ms, found 1 plugins.
Preloading 0 native plugins for Editor in 0.00 ms.
Unloading 1110 Unused Serialized files (Serialized files now loaded: 0)
System memory in use before: 124.6 MB.
System memory in use after: 124.7 MB.

Unloading 5 unused Assets to reduce memory usage. Loaded Objects now: 1606.
Total: 1.724857 ms (FindLiveObjects: 0.176222 ms CreateObjectMapping: 0.055657 ms MarkObjects: 1.438570 ms  DeleteObjects: 0.052401 ms)

========================================================================
Received Import Request.
  Time since last request: 3194.153704 seconds.
  path: Assets/Scripts/UI/LivesUI.cs
  artifactKey: Guid(2f50ce12fcaa84c97a740ddacd2c3a6e) Importer(815301076,1909f56bfc062723c751e8b465ee728b)
Start importing Assets/Scripts/UI/LivesUI.cs using Guid(2f50ce12fcaa84c97a740ddacd2c3a6e) Importer(815301076,1909f56bfc062723c751e8b465ee728b)  -> (artifact id: '1cf85bc313e4bfdc18e9a76a96eaa6c5') in 0.006446 seconds
  Import took 0.009545 seconds .

========================================================================
Received Prepare
Registering precompiled user dll's ...
Registered in 0.000434 seconds.
Begin MonoManager ReloadAssembly
Native extension for OSXStandalone target not found
Native extension for WebGL target not found
Refreshing native plugins compatible for Editor in 0.26 ms, found 1 plugins.
Preloading 0 native plugins for Editor in 0.00 ms.
Invoked RoslynAnalysisRunner static constructor.
RoslynAnalysisRunner will not be running.
RoslynAnalysisRunner has terminated.
Mono: successfully reloaded assembly
- Completed reload, in  1.275 seconds
Platform modules already initialized, skipping
Refreshing native plugins compatible for Editor in 0.30 ms, found 1 plugins.
Preloading 0 native plugins for Editor in 0.00 ms.
Unloading 1111 Unused Serialized files (Serialized files now loaded: 0)
System memory in use before: 124.8 MB.
System memory in use after: 124.8 MB.

Unloading 5 unused Assets to reduce memory usage. Loaded Objects now: 1609.
Total: 2.237440 ms (FindLiveObjects: 0.196559 ms CreateObjectMapping: 0.055150 ms MarkObjects: 1.909845 ms  DeleteObjects: 0.073800 ms)

========================================================================
Received Import Request.
  Time since last request: 35.335369 seconds.
  path: Assets/Scripts/UI/LivesUI.cs
  artifactKey: Guid(2f50ce12fcaa84c97a740ddacd2c3a6e) Importer(815301076,1909f56bfc062723c751e8b465ee728b)
Start importing Assets/Scripts/UI/LivesUI.cs using Guid(2f50ce12fcaa84c97a740ddacd2c3a6e) Importer(815301076,1909f56bfc062723c751e8b465ee728b)  -> (artifact id: 'c362f177e4c3aff91e34af24947ed0bd') in 0.005105 seconds
  Import took 0.007468 seconds .

========================================================================
Received Prepare
Registering precompiled user dll's ...
Registered in 0.000520 seconds.
Begin MonoManager ReloadAssembly
Native extension for OSXStandalone target not found
Native extension for WebGL target not found
Refreshing native plugins compatible for Editor in 0.25 ms, found 1 plugins.
Preloading 0 native plugins for Editor in 0.00 ms.
Invoked RoslynAnalysisRunner static constructor.
RoslynAnalysisRunner will not be running.
RoslynAnalysisRunner has terminated.
Mono: successfully reloaded assembly
- Completed reload, in  1.332 seconds
Platform modules already initialized, skipping
Refreshing native plugins compatible for Editor in 0.30 ms, found 1 plugins.
Preloading 0 native plugins for Editor in 0.00 ms.
Unloading 1111 Unused Serialized files (Serialized files now loaded: 0)
System memory in use before: 124.9 MB.
System memory in use after: 125.0 MB.

Unloading 5 unused Assets to reduce memory usage. Loaded Objects now: 1611.
Total: 2.494289 ms (FindLiveObjects: 0.164651 ms CreateObjectMapping: 0.048946 ms MarkObjects: 2.212775 ms  DeleteObjects: 0.065810 ms)

========================================================================
Received Import Request.
  Time since last request: 40.074704 seconds.
  path: Assets/Scripts/UI/LivesUI.cs
  artifactKey: Guid(2f50ce12fcaa84c97a740ddacd2c3a6e) Importer(815301076,1909f56bfc062723c751e8b465ee728b)
Start importing Assets/Scripts/UI/LivesUI.cs using Guid(2f50ce12fcaa84c97a740ddacd2c3a6e) Importer(815301076,1909f56bfc062723c751e8b465ee728b)  -> (artifact id: '19c1d852a99c218e2b85a252b3e9accd') in 0.005105 seconds
  Import took 0.007456 seconds .

========================================================================
Received Prepare
Registering precompiled user dll's ...
Registered in 0.000531 seconds.
Begin MonoManager ReloadAssembly
Native extension for OSXStandalone target not found
Native extension for WebGL target not found
Refreshing native plugins compatible for Editor in 0.38 ms, found 1 plugins.
Preloading 0 native plugins for Editor in 0.00 ms.
Invoked RoslynAnalysisRunner static constructor.
RoslynAnalysisRunner will not be running.
RoslynAnalysisRunner has terminated.
Mono: successfully reloaded assembly
- Completed reload, in  1.356 seconds
Platform modules already initialized, skipping
Refreshing native plugins compatible for Editor in 0.65 ms, found 1 plugins.
Preloading 0 native plugins for Editor in 0.00 ms.
Unloading 1111 Unused Serialized files (Serialized files now loaded: 0)
System memory in use before: 125.1 MB.
System memory in use after: 125.2 MB.

Unloading 5 unused Assets to reduce memory usage. Loaded Objects now: 1613.
Total: 2.322880 ms (FindLiveObjects: 0.171383 ms CreateObjectMapping: 0.055134 ms MarkObjects: 2.021530 ms  DeleteObjects: 0.072965 ms)

========================================================================
Received Prepare
Registering precompiled user dll's ...
Registered in 0.000541 seconds.
Begin MonoManager ReloadAssembly
Native extension for OSXStandalone target not found
Native extension for WebGL target not found
Refreshing native plugins compatible for Editor in 0.31 ms, found 1 plugins.
Preloading 0 native plugins for Editor in 0.00 ms.
Invoked RoslynAnalysisRunner static constructor.
RoslynAnalysisRunner will not be running.
RoslynAnalysisRunner has terminated.
Mono: successfully reloaded assembly
- Completed reload, in  1.268 seconds
Platform modules already initialized, skipping
Refreshing native plugins compatible for Editor in 0.30 ms, found 1 plugins.
Preloading 0 native plugins for Editor in 0.00 ms.
Unloading 1111 Unused Serialized files (Serialized files now loaded: 0)
System memory in use before: 125.3 MB.
System memory in use after: 125.4 MB.

Unloading 5 unused Assets to reduce memory usage. Loaded Objects now: 1615.
Total: 2.046442 ms (FindLiveObjects: 0.179755 ms CreateObjectMapping: 0.056541 ms MarkObjects: 1.740676 ms  DeleteObjects: 0.067212 ms)

========================================================================
Received Prepare
Registering precompiled user dll's ...
Registered in 0.000496 seconds.
Begin MonoManager ReloadAssembly
Native extension for OSXStandalone target not found
Native extension for WebGL target not found
Refreshing native plugins compatible for Editor in 0.27 ms, found 1 plugins.
Preloading 0 native plugins for Editor in 0.00 ms.
Invoked RoslynAnalysisRunner static constructor.
RoslynAnalysisRunner will not be running.
RoslynAnalysisRunner has terminated.
Mono: successfully reloaded assembly
- Completed reload, in  1.216 seconds
Platform modules already initialized, skipping
Refreshing native plugins compatible for Editor in 0.27 ms, found 1 plugins.
Preloading 0 native plugins for Editor in 0.00 ms.
Unloading 1111 Unused Serialized files (Serialized files now loaded: 0)
System memory in use before: 125.4 MB.
System memory in use after: 125.5 MB.

Unloading 5 unused Assets to reduce memory usage. Loaded Objects now: 1617.
Total: 1.741469 ms (FindLiveObjects: 0.161421 ms CreateObjectMapping: 0.048463 ms MarkObjects: 1.472314 ms  DeleteObjects: 0.057404 ms)

========================================================================
Received Prepare
Registering precompiled user dll's ...
Registered in 0.000500 seconds.
Begin MonoManager ReloadAssembly
Native extension for OSXStandalone target not found
Native extension for WebGL target not found
Refreshing native plugins compatible for Editor in 0.31 ms, found 1 plugins.
Preloading 0 native plugins for Editor in 0.00 ms.
Invoked RoslynAnalysisRunner static constructor.
RoslynAnalysisRunner will not be running.
RoslynAnalysisRunner has terminated.
Mono: successfully reloaded assembly
- Completed reload, in  1.213 seconds
Platform modules already initialized, skipping
Refreshing native plugins compatible for Editor in 0.29 ms, found 1 plugins.
Preloading 0 native plugins for Editor in 0.00 ms.
Unloading 1111 Unused Serialized files (Serialized files now loaded: 0)
System memory in use before: 125.6 MB.
System memory in use after: 125.7 MB.

Unloading 5 unused Assets to reduce memory usage. Loaded Objects now: 1619.
Total: 1.666874 ms (FindLiveObjects: 0.165218 ms CreateObjectMapping: 0.044531 ms MarkObjects: 1.402093 ms  DeleteObjects: 0.053143 ms)

========================================================================
Received Import Request.
  Time since last request: 240.257987 seconds.
  path: Assets/Scripts/Managers/GameManager.cs
  artifactKey: Guid(ead6d68360007465bb0bb9a00f1f685a) Importer(815301076,1909f56bfc062723c751e8b465ee728b)
Start importing Assets/Scripts/Managers/GameManager.cs using Guid(ead6d68360007465bb0bb9a00f1f685a) Importer(815301076,1909f56bfc062723c751e8b465ee728b)  -> (artifact id: '63a5a5795988f648ac88c2b73f126de7') in 0.006215 seconds
  Import took 0.009286 seconds .

========================================================================
Received Prepare
Registering precompiled user dll's ...
Registered in 0.000428 seconds.
Begin MonoManager ReloadAssembly
Native extension for OSXStandalone target not found
Native extension for WebGL target not found
Refreshing native plugins compatible for Editor in 0.28 ms, found 1 plugins.
Preloading 0 native plugins for Editor in 0.00 ms.
Invoked RoslynAnalysisRunner static constructor.
RoslynAnalysisRunner will not be running.
RoslynAnalysisRunner has terminated.
Mono: successfully reloaded assembly
- Completed reload, in  1.187 seconds
Platform modules already initialized, skipping
Refreshing native plugins compatible for Editor in 0.27 ms, found 1 plugins.
Preloading 0 native plugins for Editor in 0.00 ms.
Unloading 1112 Unused Serialized files (Serialized files now loaded: 0)
System memory in use before: 125.8 MB.
System memory in use after: 125.9 MB.

Unloading 5 unused Assets to reduce memory usage. Loaded Objects now: 1622.
Total: 1.709375 ms (FindLiveObjects: 0.166859 ms CreateObjectMapping: 0.048192 ms MarkObjects: 1.439357 ms  DeleteObjects: 0.052961 ms)

========================================================================
Received Import Request.
  Time since last request: 41.750540 seconds.
  path: Assets/Scripts/Managers/GameManager.cs
  artifactKey: Guid(ead6d68360007465bb0bb9a00f1f685a) Importer(815301076,1909f56bfc062723c751e8b465ee728b)
Start importing Assets/Scripts/Managers/GameManager.cs using Guid(ead6d68360007465bb0bb9a00f1f685a) Importer(815301076,1909f56bfc062723c751e8b465ee728b)  -> (artifact id: '36e7c025b1a69c8a69c3575385395503') in 0.007140 seconds
  Import took 0.009743 seconds .

========================================================================
Received Prepare
Registering precompiled user dll's ...
Registered in 0.000491 seconds.
Begin MonoManager ReloadAssembly
Native extension for OSXStandalone target not found
Native extension for WebGL target not found
Refreshing native plugins compatible for Editor in 0.30 ms, found 1 plugins.
Preloading 0 native plugins for Editor in 0.00 ms.
Invoked RoslynAnalysisRunner static constructor.
RoslynAnalysisRunner will not be running.
RoslynAnalysisRunner has terminated.
Mono: successfully reloaded assembly
- Completed reload, in  1.195 seconds
Platform modules already initialized, skipping
Refreshing native plugins compatible for Editor in 0.26 ms, found 1 plugins.
Preloading 0 native plugins for Editor in 0.00 ms.
Unloading 1112 Unused Serialized files (Serialized files now loaded: 0)
System memory in use before: 126.0 MB.
System memory in use after: 126.0 MB.

Unloading 5 unused Assets to reduce memory usage. Loaded Objects now: 1624.
Total: 1.742992 ms (FindLiveObjects: 0.214940 ms CreateObjectMapping: 0.043853 ms MarkObjects: 1.428622 ms  DeleteObjects: 0.053425 ms)

========================================================================
Received Import Request.
  Time since last request: 31.520191 seconds.
  path: Assets/Scripts/Managers/GameManager.cs
  artifactKey: Guid(ead6d68360007465bb0bb9a00f1f685a) Importer(815301076,1909f56bfc062723c751e8b465ee728b)
Start importing Assets/Scripts/Managers/GameManager.cs using Guid(ead6d68360007465bb0bb9a00f1f685a) Importer(815301076,1909f56bfc062723c751e8b465ee728b)  -> (artifact id: '65fd079f560e589d8ebbf6ec9be8aaff') in 0.004523 seconds
  Import took 0.007295 seconds .

========================================================================
Received Prepare
Registering precompiled user dll's ...
Registered in 0.000443 seconds.
Begin MonoManager ReloadAssembly
Native extension for OSXStandalone target not found
Native extension for WebGL target not found
Refreshing native plugins compatible for Editor in 0.27 ms, found 1 plugins.
Preloading 0 native plugins for Editor in 0.00 ms.
Invoked RoslynAnalysisRunner static constructor.
RoslynAnalysisRunner will not be running.
RoslynAnalysisRunner has terminated.
Mono: successfully reloaded assembly
- Completed reload, in  1.198 seconds
Platform modules already initialized, skipping
Refreshing native plugins compatible for Editor in 0.25 ms, found 1 plugins.
Preloading 0 native plugins for Editor in 0.00 ms.
Unloading 1112 Unused Serialized files (Serialized files now loaded: 0)
System memory in use before: 126.1 MB.
System memory in use after: 126.2 MB.

Unloading 5 unused Assets to reduce memory usage. Loaded Objects now: 1626.
Total: 1.740833 ms (FindLiveObjects: 0.179215 ms CreateObjectMapping: 0.043140 ms MarkObjects: 1.460363 ms  DeleteObjects: 0.056005 ms)

========================================================================
Received Import Request.
  Time since last request: 15.893482 seconds.
  path: Assets/Scripts/Managers/GameManager.cs
  artifactKey: Guid(ead6d68360007465bb0bb9a00f1f685a) Importer(815301076,1909f56bfc062723c751e8b465ee728b)
Start importing Assets/Scripts/Managers/GameManager.cs using Guid(ead6d68360007465bb0bb9a00f1f685a) Importer(815301076,1909f56bfc062723c751e8b465ee728b)  -> (artifact id: '8036b28b4c4a278ec6ca710a79863945') in 0.005372 seconds
  Import took 0.007840 seconds .

========================================================================
Received Prepare
Registering precompiled user dll's ...
Registered in 0.000561 seconds.
Begin MonoManager ReloadAssembly
Native extension for OSXStandalone target not found
Native extension for WebGL target not found
Refreshing native plugins compatible for Editor in 0.26 ms, found 1 plugins.
Preloading 0 native plugins for Editor in 0.00 ms.
Invoked RoslynAnalysisRunner static constructor.
RoslynAnalysisRunner will not be running.
RoslynAnalysisRunner has terminated.
Mono: successfully reloaded assembly
- Completed reload, in  1.338 seconds
Platform modules already initialized, skipping
Refreshing native plugins compatible for Editor in 0.26 ms, found 1 plugins.
Preloading 0 native plugins for Editor in 0.00 ms.
Unloading 1112 Unused Serialized files (Serialized files now loaded: 0)
System memory in use before: 126.3 MB.
System memory in use after: 126.4 MB.

Unloading 5 unused Assets to reduce memory usage. Loaded Objects now: 1628.
Total: 1.789540 ms (FindLiveObjects: 0.177763 ms CreateObjectMapping: 0.044701 ms MarkObjects: 1.512551 ms  DeleteObjects: 0.052523 ms)

========================================================================
Received Import Request.
  Time since last request: 6.208887 seconds.
  path: Assets/Scripts/Managers/GameManager.cs
  artifactKey: Guid(ead6d68360007465bb0bb9a00f1f685a) Importer(815301076,1909f56bfc062723c751e8b465ee728b)
Start importing Assets/Scripts/Managers/GameManager.cs using Guid(ead6d68360007465bb0bb9a00f1f685a) Importer(815301076,1909f56bfc062723c751e8b465ee728b)  -> (artifact id: '06e3b305f73be8fe93067e9757722e1c') in 0.004582 seconds
  Import took 0.007084 seconds .

========================================================================
Received Prepare
Registering precompiled user dll's ...
Registered in 0.000486 seconds.
Begin MonoManager ReloadAssembly
Native extension for OSXStandalone target not found
Native extension for WebGL target not found
Refreshing native plugins compatible for Editor in 0.27 ms, found 1 plugins.
Preloading 0 native plugins for Editor in 0.00 ms.
Invoked RoslynAnalysisRunner static constructor.
RoslynAnalysisRunner will not be running.
RoslynAnalysisRunner has terminated.
Mono: successfully reloaded assembly
- Completed reload, in  1.195 seconds
Platform modules already initialized, skipping
Refreshing native plugins compatible for Editor in 0.32 ms, found 1 plugins.
Preloading 0 native plugins for Editor in 0.00 ms.
Unloading 1112 Unused Serialized files (Serialized files now loaded: 0)
System memory in use before: 126.4 MB.
System memory in use after: 126.5 MB.

Unloading 5 unused Assets to reduce memory usage. Loaded Objects now: 1630.
Total: 1.686619 ms (FindLiveObjects: 0.160967 ms CreateObjectMapping: 0.045045 ms MarkObjects: 1.425827 ms  DeleteObjects: 0.052741 ms)

========================================================================
Received Import Request.
  Time since last request: 69.508640 seconds.
  path: Assets/Scripts/Managers/GameManager.cs
  artifactKey: Guid(ead6d68360007465bb0bb9a00f1f685a) Importer(815301076,1909f56bfc062723c751e8b465ee728b)
Start importing Assets/Scripts/Managers/GameManager.cs using Guid(ead6d68360007465bb0bb9a00f1f685a) Importer(815301076,1909f56bfc062723c751e8b465ee728b)  -> (artifact id: '577a59809709435d55c3bdc7f8eaa375') in 0.005820 seconds
  Import took 0.008497 seconds .

========================================================================
Received Prepare
Registering precompiled user dll's ...
Registered in 0.000559 seconds.
Begin MonoManager ReloadAssembly
Native extension for OSXStandalone target not found
Native extension for WebGL target not found
Refreshing native plugins compatible for Editor in 0.27 ms, found 1 plugins.
Preloading 0 native plugins for Editor in 0.00 ms.
Invoked RoslynAnalysisRunner static constructor.
RoslynAnalysisRunner will not be running.
RoslynAnalysisRunner has terminated.
Mono: successfully reloaded assembly
- Completed reload, in  1.220 seconds
Platform modules already initialized, skipping
Refreshing native plugins compatible for Editor in 0.26 ms, found 1 plugins.
Preloading 0 native plugins for Editor in 0.00 ms.
Unloading 1112 Unused Serialized files (Serialized files now loaded: 0)
System memory in use before: 126.6 MB.
System memory in use after: 126.7 MB.

Unloading 5 unused Assets to reduce memory usage. Loaded Objects now: 1632.
Total: 1.718375 ms (FindLiveObjects: 0.216825 ms CreateObjectMapping: 0.043655 ms MarkObjects: 1.403033 ms  DeleteObjects: 0.053045 ms)

========================================================================
Received Import Request.
  Time since last request: 21.358207 seconds.
  path: Assets/Scripts/Managers/GameManager.cs
  artifactKey: Guid(ead6d68360007465bb0bb9a00f1f685a) Importer(815301076,1909f56bfc062723c751e8b465ee728b)
Start importing Assets/Scripts/Managers/GameManager.cs using Guid(ead6d68360007465bb0bb9a00f1f685a) Importer(815301076,1909f56bfc062723c751e8b465ee728b)  -> (artifact id: '36aea2a3bc7bc2fe5bb06304bbd91490') in 0.005218 seconds
  Import took 0.007879 seconds .

========================================================================
Received Prepare
Registering precompiled user dll's ...
Registered in 0.000437 seconds.
Begin MonoManager ReloadAssembly
Native extension for OSXStandalone target not found
Native extension for WebGL target not found
Refreshing native plugins compatible for Editor in 0.28 ms, found 1 plugins.
Preloading 0 native plugins for Editor in 0.00 ms.
Invoked RoslynAnalysisRunner static constructor.
RoslynAnalysisRunner will not be running.
RoslynAnalysisRunner has terminated.
Mono: successfully reloaded assembly
- Completed reload, in  1.200 seconds
Platform modules already initialized, skipping
Refreshing native plugins compatible for Editor in 0.27 ms, found 1 plugins.
Preloading 0 native plugins for Editor in 0.00 ms.
Unloading 1112 Unused Serialized files (Serialized files now loaded: 0)
System memory in use before: 126.8 MB.
System memory in use after: 126.8 MB.

Unloading 5 unused Assets to reduce memory usage. Loaded Objects now: 1634.
Total: 1.782984 ms (FindLiveObjects: 0.173530 ms CreateObjectMapping: 0.045255 ms MarkObjects: 1.509644 ms  DeleteObjects: 0.052604 ms)

========================================================================
Received Prepare
Registering precompiled user dll's ...
Registered in 0.000522 seconds.
Begin MonoManager ReloadAssembly
Native extension for OSXStandalone target not found
Native extension for WebGL target not found
Refreshing native plugins compatible for Editor in 0.28 ms, found 1 plugins.
Preloading 0 native plugins for Editor in 0.00 ms.
Invoked RoslynAnalysisRunner static constructor.
RoslynAnalysisRunner will not be running.
RoslynAnalysisRunner has terminated.
Mono: successfully reloaded assembly
- Completed reload, in  1.229 seconds
Platform modules already initialized, skipping
Refreshing native plugins compatible for Editor in 0.26 ms, found 1 plugins.
Preloading 0 native plugins for Editor in 0.00 ms.
Unloading 1112 Unused Serialized files (Serialized files now loaded: 0)
System memory in use before: 126.9 MB.
System memory in use after: 127.0 MB.

Unloading 5 unused Assets to reduce memory usage. Loaded Objects now: 1636.
Total: 1.785933 ms (FindLiveObjects: 0.184099 ms CreateObjectMapping: 0.055656 ms MarkObjects: 1.490263 ms  DeleteObjects: 0.053946 ms)

========================================================================
Received Prepare
Registering precompiled user dll's ...
Registered in 0.000542 seconds.
Begin MonoManager ReloadAssembly
Native extension for OSXStandalone target not found
Native extension for WebGL target not found
Refreshing native plugins compatible for Editor in 0.30 ms, found 1 plugins.
Preloading 0 native plugins for Editor in 0.00 ms.
Invoked RoslynAnalysisRunner static constructor.
RoslynAnalysisRunner will not be running.
RoslynAnalysisRunner has terminated.
Mono: successfully reloaded assembly
- Completed reload, in  1.302 seconds
Platform modules already initialized, skipping
Refreshing native plugins compatible for Editor in 0.32 ms, found 1 plugins.
Preloading 0 native plugins for Editor in 0.00 ms.
Unloading 1112 Unused Serialized files (Serialized files now loaded: 0)
System memory in use before: 127.1 MB.
System memory in use after: 127.2 MB.

Unloading 5 unused Assets to reduce memory usage. Loaded Objects now: 1638.
Total: 2.206823 ms (FindLiveObjects: 0.177709 ms CreateObjectMapping: 0.050027 ms MarkObjects: 1.912509 ms  DeleteObjects: 0.064630 ms)

========================================================================
Received Prepare
Registering precompiled user dll's ...
Registered in 0.000427 seconds.
Begin MonoManager ReloadAssembly
Native extension for OSXStandalone target not found
Native extension for WebGL target not found
Refreshing native plugins compatible for Editor in 0.28 ms, found 1 plugins.
Preloading 0 native plugins for Editor in 0.00 ms.
Invoked RoslynAnalysisRunner static constructor.
RoslynAnalysisRunner will not be running.
RoslynAnalysisRunner has terminated.
Mono: successfully reloaded assembly
- Completed reload, in  1.240 seconds
Platform modules already initialized, skipping
Refreshing native plugins compatible for Editor in 0.32 ms, found 1 plugins.
Preloading 0 native plugins for Editor in 0.00 ms.
Unloading 1112 Unused Serialized files (Serialized files now loaded: 0)
System memory in use before: 127.3 MB.
System memory in use after: 127.4 MB.

Unloading 5 unused Assets to reduce memory usage. Loaded Objects now: 1640.
Total: 1.747116 ms (FindLiveObjects: 0.187774 ms CreateObjectMapping: 0.050199 ms MarkObjects: 1.452336 ms  DeleteObjects: 0.054722 ms)

========================================================================
Received Prepare
Registering precompiled user dll's ...
Registered in 0.000444 seconds.
Begin MonoManager ReloadAssembly
Native extension for OSXStandalone target not found
Native extension for WebGL target not found
Refreshing native plugins compatible for Editor in 0.38 ms, found 1 plugins.
Preloading 0 native plugins for Editor in 0.00 ms.
Invoked RoslynAnalysisRunner static constructor.
RoslynAnalysisRunner will not be running.
RoslynAnalysisRunner has terminated.
Mono: successfully reloaded assembly
- Completed reload, in  1.226 seconds
Platform modules already initialized, skipping
Refreshing native plugins compatible for Editor in 0.27 ms, found 1 plugins.
Preloading 0 native plugins for Editor in 0.00 ms.
Unloading 1112 Unused Serialized files (Serialized files now loaded: 0)
System memory in use before: 127.5 MB.
System memory in use after: 127.5 MB.

Unloading 5 unused Assets to reduce memory usage. Loaded Objects now: 1642.
Total: 1.749035 ms (FindLiveObjects: 0.181688 ms CreateObjectMapping: 0.044628 ms MarkObjects: 1.467197 ms  DeleteObjects: 0.053528 ms)

========================================================================
Received Prepare
Registering precompiled user dll's ...
Registered in 0.000593 seconds.
Begin MonoManager ReloadAssembly
Native extension for OSXStandalone target not found
Native extension for WebGL target not found
Refreshing native plugins compatible for Editor in 0.26 ms, found 1 plugins.
Preloading 0 native plugins for Editor in 0.00 ms.
Invoked RoslynAnalysisRunner static constructor.
RoslynAnalysisRunner will not be running.
RoslynAnalysisRunner has terminated.
Mono: successfully reloaded assembly
- Completed reload, in  1.223 seconds
Platform modules already initialized, skipping
Refreshing native plugins compatible for Editor in 0.27 ms, found 1 plugins.
Preloading 0 native plugins for Editor in 0.00 ms.
Unloading 1112 Unused Serialized files (Serialized files now loaded: 0)
System memory in use before: 127.6 MB.
System memory in use after: 127.7 MB.

Unloading 5 unused Assets to reduce memory usage. Loaded Objects now: 1644.
Total: 1.828433 ms (FindLiveObjects: 0.174804 ms CreateObjectMapping: 0.043376 ms MarkObjects: 1.547718 ms  DeleteObjects: 0.060169 ms)

========================================================================
Received Prepare
Registering precompiled user dll's ...
Registered in 0.000513 seconds.
Begin MonoManager ReloadAssembly
Native extension for OSXStandalone target not found
Native extension for WebGL target not found
Refreshing native plugins compatible for Editor in 0.28 ms, found 1 plugins.
Preloading 0 native plugins for Editor in 0.00 ms.
Invoked RoslynAnalysisRunner static constructor.
RoslynAnalysisRunner will not be running.
RoslynAnalysisRunner has terminated.
Mono: successfully reloaded assembly
- Completed reload, in  1.265 seconds
Platform modules already initialized, skipping
Refreshing native plugins compatible for Editor in 0.29 ms, found 1 plugins.
Preloading 0 native plugins for Editor in 0.00 ms.
Unloading 1112 Unused Serialized files (Serialized files now loaded: 0)
System memory in use before: 127.8 MB.
System memory in use after: 127.9 MB.

Unloading 5 unused Assets to reduce memory usage. Loaded Objects now: 1646.
Total: 2.235124 ms (FindLiveObjects: 0.193389 ms CreateObjectMapping: 0.053928 ms MarkObjects: 1.920126 ms  DeleteObjects: 0.065774 ms)

========================================================================
Received Prepare
Registering precompiled user dll's ...
Registered in 0.000437 seconds.
Begin MonoManager ReloadAssembly
Native extension for OSXStandalone target not found
Native extension for WebGL target not found
Refreshing native plugins compatible for Editor in 0.32 ms, found 1 plugins.
Preloading 0 native plugins for Editor in 0.00 ms.
Invoked RoslynAnalysisRunner static constructor.
RoslynAnalysisRunner will not be running.
RoslynAnalysisRunner has terminated.
Mono: successfully reloaded assembly
- Completed reload, in  1.198 seconds
Platform modules already initialized, skipping
Refreshing native plugins compatible for Editor in 0.29 ms, found 1 plugins.
Preloading 0 native plugins for Editor in 0.00 ms.
Unloading 1112 Unused Serialized files (Serialized files now loaded: 0)
System memory in use before: 127.9 MB.
System memory in use after: 128.0 MB.

Unloading 5 unused Assets to reduce memory usage. Loaded Objects now: 1648.
Total: 1.936919 ms (FindLiveObjects: 0.169532 ms CreateObjectMapping: 0.045407 ms MarkObjects: 1.660138 ms  DeleteObjects: 0.059826 ms)

========================================================================
Received Prepare
Registering precompiled user dll's ...
Registered in 0.000475 seconds.
Begin MonoManager ReloadAssembly
Native extension for OSXStandalone target not found
Native extension for WebGL target not found
Refreshing native plugins compatible for Editor in 0.26 ms, found 1 plugins.
Preloading 0 native plugins for Editor in 0.00 ms.
Invoked RoslynAnalysisRunner static constructor.
RoslynAnalysisRunner will not be running.
RoslynAnalysisRunner has terminated.
Mono: successfully reloaded assembly
- Completed reload, in  1.216 seconds
Platform modules already initialized, skipping
Refreshing native plugins compatible for Editor in 0.27 ms, found 1 plugins.
Preloading 0 native plugins for Editor in 0.00 ms.
Unloading 1112 Unused Serialized files (Serialized files now loaded: 0)
System memory in use before: 128.1 MB.
System memory in use after: 128.2 MB.

Unloading 5 unused Assets to reduce memory usage. Loaded Objects now: 1650.
Total: 1.921212 ms (FindLiveObjects: 0.204526 ms CreateObjectMapping: 0.054593 ms MarkObjects: 1.597430 ms  DeleteObjects: 0.062642 ms)

========================================================================
Received Prepare
Registering precompiled user dll's ...
Registered in 0.000436 seconds.
Begin MonoManager ReloadAssembly
Native extension for OSXStandalone target not found
Native extension for WebGL target not found
Refreshing native plugins compatible for Editor in 0.28 ms, found 1 plugins.
Preloading 0 native plugins for Editor in 0.00 ms.
Invoked RoslynAnalysisRunner static constructor.
RoslynAnalysisRunner will not be running.
RoslynAnalysisRunner has terminated.
Mono: successfully reloaded assembly
- Completed reload, in  1.226 seconds
Platform modules already initialized, skipping
Refreshing native plugins compatible for Editor in 0.27 ms, found 1 plugins.
Preloading 0 native plugins for Editor in 0.00 ms.
Unloading 1112 Unused Serialized files (Serialized files now loaded: 0)
System memory in use before: 128.3 MB.
System memory in use after: 128.3 MB.

Unloading 5 unused Assets to reduce memory usage. Loaded Objects now: 1652.
Total: 1.763444 ms (FindLiveObjects: 0.172088 ms CreateObjectMapping: 0.043974 ms MarkObjects: 1.494187 ms  DeleteObjects: 0.051234 ms)

========================================================================
Received Import Request.
  Time since last request: 472.065429 seconds.
  path: Assets/Prefabs/Enemy/Enemy.prefab
  artifactKey: Guid(ca74f5bc680134c7cb22f77c1b7ad1fd) Importer(815301076,1909f56bfc062723c751e8b465ee728b)
Start importing Assets/Prefabs/Enemy/Enemy.prefab using Guid(ca74f5bc680134c7cb22f77c1b7ad1fd) Importer(815301076,1909f56bfc062723c751e8b465ee728b)  -> (artifact id: '5c1e85dd699c3f63ee802c17db98446a') in 0.109212 seconds
  Import took 0.111564 seconds .

========================================================================
Received Import Request.
  Time since last request: 4.294664 seconds.
  path: Assets/Prefabs/Projectiles/Bullet.prefab
  artifactKey: Guid(9901ad7ec8dce4421bc22bc9b24933c2) Importer(815301076,1909f56bfc062723c751e8b465ee728b)
Start importing Assets/Prefabs/Projectiles/Bullet.prefab using Guid(9901ad7ec8dce4421bc22bc9b24933c2) Importer(815301076,1909f56bfc062723c751e8b465ee728b)  -> (artifact id: '92759efd74bcd8966a66a2aa0be9df5e') in 0.015697 seconds
  Import took 0.018406 seconds .

========================================================================
Received Import Request.
  Time since last request: 7.234994 seconds.
  path: Assets/Prefabs/Projectiles/Bullet.prefab
  artifactKey: Guid(9901ad7ec8dce4421bc22bc9b24933c2) Importer(815301076,1909f56bfc062723c751e8b465ee728b)
Start importing Assets/Prefabs/Projectiles/Bullet.prefab using Guid(9901ad7ec8dce4421bc22bc9b24933c2) Importer(815301076,1909f56bfc062723c751e8b465ee728b)  -> (artifact id: '84f70c9a0b8daec40273cbba14078345') in 0.008765 seconds
  Import took 0.011536 seconds .

========================================================================
Received Import Request.
  Time since last request: 7.743077 seconds.
  path: Assets/Prefabs/Projectiles/Missle.prefab
  artifactKey: Guid(fe213204d245d4e70bd343025e24824b) Importer(815301076,1909f56bfc062723c751e8b465ee728b)
Start importing Assets/Prefabs/Projectiles/Missle.prefab using Guid(fe213204d245d4e70bd343025e24824b) Importer(815301076,1909f56bfc062723c751e8b465ee728b)  -> (artifact id: '3c41fdc427223afd6c1baaa9b1d075e8') in 0.012108 seconds
  Import took 0.015285 seconds .

========================================================================
Received Import Request.
  Time since last request: 5.154923 seconds.
  path: Assets/Prefabs/Projectiles/Missle.prefab
  artifactKey: Guid(fe213204d245d4e70bd343025e24824b) Importer(815301076,1909f56bfc062723c751e8b465ee728b)
Start importing Assets/Prefabs/Projectiles/Missle.prefab using Guid(fe213204d245d4e70bd343025e24824b) Importer(815301076,1909f56bfc062723c751e8b465ee728b)  -> (artifact id: 'c7897ea5fc60db1503040fa8aba162f9') in 0.010932 seconds
  Import took 0.013993 seconds .

========================================================================
Received Import Request.
  Time since last request: 4.431877 seconds.
  path: Assets/Prefabs/Projectiles/Bullet.prefab
  artifactKey: Guid(9901ad7ec8dce4421bc22bc9b24933c2) Importer(815301076,1909f56bfc062723c751e8b465ee728b)
Start importing Assets/Prefabs/Projectiles/Bullet.prefab using Guid(9901ad7ec8dce4421bc22bc9b24933c2) Importer(815301076,1909f56bfc062723c751e8b465ee728b)  -> (artifact id: '74ee8c88005bac8bb854b4907275b4b6') in 0.008886 seconds
  Import took 0.011725 seconds .

========================================================================
Received Import Request.
  Time since last request: 5.402082 seconds.
  path: Assets/Prefabs/Projectiles/Bullet.prefab
  artifactKey: Guid(9901ad7ec8dce4421bc22bc9b24933c2) Importer(815301076,1909f56bfc062723c751e8b465ee728b)
Start importing Assets/Prefabs/Projectiles/Bullet.prefab using Guid(9901ad7ec8dce4421bc22bc9b24933c2) Importer(815301076,1909f56bfc062723c751e8b465ee728b)  -> (artifact id: 'd2c92769bd3507792fa55a443ced31a2') in 0.008825 seconds
  Import took 0.011310 seconds .

========================================================================
Received Prepare
Registering precompiled user dll's ...
Registered in 0.000535 seconds.
Begin MonoManager ReloadAssembly
Native extension for OSXStandalone target not found
Native extension for WebGL target not found
Refreshing native plugins compatible for Editor in 0.29 ms, found 1 plugins.
Preloading 0 native plugins for Editor in 0.00 ms.
Invoked RoslynAnalysisRunner static constructor.
RoslynAnalysisRunner will not be running.
RoslynAnalysisRunner has terminated.
Mono: successfully reloaded assembly
- Completed reload, in  1.245 seconds
Platform modules already initialized, skipping
Refreshing native plugins compatible for Editor in 0.26 ms, found 1 plugins.
Preloading 0 native plugins for Editor in 0.00 ms.
Unloading 1112 Unused Serialized files (Serialized files now loaded: 0)
System memory in use before: 128.5 MB.
System memory in use after: 128.6 MB.

Unloading 5 unused Assets to reduce memory usage. Loaded Objects now: 1656.
Total: 1.723034 ms (FindLiveObjects: 0.162018 ms CreateObjectMapping: 0.044459 ms MarkObjects: 1.457929 ms  DeleteObjects: 0.056938 ms)

========================================================================
Received Prepare
Registering precompiled user dll's ...
Registered in 0.000499 seconds.
Begin MonoManager ReloadAssembly
Native extension for OSXStandalone target not found
Native extension for WebGL target not found
Refreshing native plugins compatible for Editor in 0.29 ms, found 1 plugins.
Preloading 0 native plugins for Editor in 0.00 ms.
Invoked RoslynAnalysisRunner static constructor.
RoslynAnalysisRunner will not be running.
RoslynAnalysisRunner has terminated.
Mono: successfully reloaded assembly
- Completed reload, in  1.222 seconds
Platform modules already initialized, skipping
Refreshing native plugins compatible for Editor in 0.25 ms, found 1 plugins.
Preloading 0 native plugins for Editor in 0.00 ms.
Unloading 1112 Unused Serialized files (Serialized files now loaded: 0)
System memory in use before: 128.7 MB.
System memory in use after: 128.8 MB.

Unloading 5 unused Assets to reduce memory usage. Loaded Objects now: 1658.
Total: 1.765486 ms (FindLiveObjects: 0.174503 ms CreateObjectMapping: 0.045209 ms MarkObjects: 1.491210 ms  DeleteObjects: 0.052577 ms)

========================================================================
Received Import Request.
  Time since last request: 509.326540 seconds.
  path: Assets/Prefabs/SFX/EnemyDeathFX.prefab
  artifactKey: Guid(03bfc35db477647488bd6095ac6952de) Importer(815301076,1909f56bfc062723c751e8b465ee728b)
Start importing Assets/Prefabs/SFX/EnemyDeathFX.prefab using Guid(03bfc35db477647488bd6095ac6952de) Importer(815301076,1909f56bfc062723c751e8b465ee728b)  -> (artifact id: 'd934f4acb9808d148dff0cc0eaaeab06') in 0.036853 seconds
  Import took 0.039670 seconds .

========================================================================
Received Import Request.
  Time since last request: 14.234802 seconds.
  path: Assets/Prefabs/Enemy/Enemy.prefab
  artifactKey: Guid(ca74f5bc680134c7cb22f77c1b7ad1fd) Importer(815301076,1909f56bfc062723c751e8b465ee728b)
Start importing Assets/Prefabs/Enemy/Enemy.prefab using Guid(ca74f5bc680134c7cb22f77c1b7ad1fd) Importer(815301076,1909f56bfc062723c751e8b465ee728b)  -> (artifact id: 'c3aea64403fd421d3f52ac40d3aaf0bf') in 0.089722 seconds
  Import took 0.092268 seconds .

========================================================================
Received Import Request.
  Time since last request: 94.519779 seconds.
  path: Assets/Prefabs/SFX/EnemyDeathFX.prefab
  artifactKey: Guid(03bfc35db477647488bd6095ac6952de) Importer(815301076,1909f56bfc062723c751e8b465ee728b)
Start importing Assets/Prefabs/SFX/EnemyDeathFX.prefab using Guid(03bfc35db477647488bd6095ac6952de) Importer(815301076,1909f56bfc062723c751e8b465ee728b)  -> (artifact id: '9927d1951e03ba3af64b4346e12dbae2') in 0.005119 seconds
  Import took 0.007896 seconds .

========================================================================
Received Import Request.
  Time since last request: 0.003174 seconds.
  path: Assets/Prefabs/SFX/EnemyDeathFX.prefab
  artifactKey: Guid(03bfc35db477647488bd6095ac6952de) Importer(815301076,1909f56bfc062723c751e8b465ee728b)
Start importing Assets/Prefabs/SFX/EnemyDeathFX.prefab using Guid(03bfc35db477647488bd6095ac6952de) Importer(815301076,1909f56bfc062723c751e8b465ee728b)  -> (artifact id: '9927d1951e03ba3af64b4346e12dbae2') in 0.005027 seconds
  Import took 0.008017 seconds .

========================================================================
Received Import Request.
  Time since last request: 5.139319 seconds.
  path: Assets/Prefabs/SFX/EnemyDeathFX.prefab
  artifactKey: Guid(03bfc35db477647488bd6095ac6952de) Importer(815301076,1909f56bfc062723c751e8b465ee728b)
Start importing Assets/Prefabs/SFX/EnemyDeathFX.prefab using Guid(03bfc35db477647488bd6095ac6952de) Importer(815301076,1909f56bfc062723c751e8b465ee728b)  -> (artifact id: 'babeff71a948b7c355a217136e4e9cf4') in 0.004609 seconds
  Import took 0.007229 seconds .

========================================================================
Received Import Request.
  Time since last request: 0.012884 seconds.
  path: Assets/Prefabs/SFX/EnemyDeathFX.prefab
  artifactKey: Guid(03bfc35db477647488bd6095ac6952de) Importer(815301076,1909f56bfc062723c751e8b465ee728b)
Start importing Assets/Prefabs/SFX/EnemyDeathFX.prefab using Guid(03bfc35db477647488bd6095ac6952de) Importer(815301076,1909f56bfc062723c751e8b465ee728b)  -> (artifact id: 'babeff71a948b7c355a217136e4e9cf4') in 0.004284 seconds
  Import took 0.007184 seconds .

========================================================================
Received Prepare
Registering precompiled user dll's ...
Registered in 0.000446 seconds.
Begin MonoManager ReloadAssembly
Native extension for OSXStandalone target not found
Native extension for WebGL target not found
Refreshing native plugins compatible for Editor in 0.27 ms, found 1 plugins.
Preloading 0 native plugins for Editor in 0.00 ms.
Invoked RoslynAnalysisRunner static constructor.
RoslynAnalysisRunner will not be running.
RoslynAnalysisRunner has terminated.
Mono: successfully reloaded assembly
- Completed reload, in  1.231 seconds
Platform modules already initialized, skipping
Refreshing native plugins compatible for Editor in 0.31 ms, found 1 plugins.
Preloading 0 native plugins for Editor in 0.00 ms.
Unloading 1112 Unused Serialized files (Serialized files now loaded: 0)
System memory in use before: 128.9 MB.
System memory in use after: 129.0 MB.

Unloading 5 unused Assets to reduce memory usage. Loaded Objects now: 1661.
Total: 1.983873 ms (FindLiveObjects: 0.238806 ms CreateObjectMapping: 0.064126 ms MarkObjects: 1.622386 ms  DeleteObjects: 0.056448 ms)

========================================================================
Received Import Request.
  Time since last request: 98.882430 seconds.
  path: Assets/Prefabs/Enemy/Enemy.prefab
  artifactKey: Guid(ca74f5bc680134c7cb22f77c1b7ad1fd) Importer(815301076,1909f56bfc062723c751e8b465ee728b)
Start importing Assets/Prefabs/Enemy/Enemy.prefab using Guid(ca74f5bc680134c7cb22f77c1b7ad1fd) Importer(815301076,1909f56bfc062723c751e8b465ee728b)  -> (artifact id: '11b3e9e2cf61c4496daaf81f9318be77') in 0.110570 seconds
  Import took 0.112919 seconds .

========================================================================
Received Import Request.
  Time since last request: 2.932038 seconds.
  path: Assets/Prefabs/Enemy/Enemy.prefab
  artifactKey: Guid(ca74f5bc680134c7cb22f77c1b7ad1fd) Importer(815301076,1909f56bfc062723c751e8b465ee728b)
Start importing Assets/Prefabs/Enemy/Enemy.prefab using Guid(ca74f5bc680134c7cb22f77c1b7ad1fd) Importer(815301076,1909f56bfc062723c751e8b465ee728b)  -> (artifact id: 'e33acbedf507c57db3abf92ae09c3bd7') in 0.012588 seconds
  Import took 0.015869 seconds .

========================================================================
Received Prepare
Registering precompiled user dll's ...
Registered in 0.000571 seconds.
Begin MonoManager ReloadAssembly
Native extension for OSXStandalone target not found
Native extension for WebGL target not found
Refreshing native plugins compatible for Editor in 0.30 ms, found 1 plugins.
Preloading 0 native plugins for Editor in 0.00 ms.
Invoked RoslynAnalysisRunner static constructor.
RoslynAnalysisRunner will not be running.
RoslynAnalysisRunner has terminated.
Mono: successfully reloaded assembly
- Completed reload, in  1.128 seconds
Platform modules already initialized, skipping
Refreshing native plugins compatible for Editor in 0.27 ms, found 1 plugins.
Preloading 0 native plugins for Editor in 0.00 ms.
Unloading 1112 Unused Serialized files (Serialized files now loaded: 0)
System memory in use before: 129.1 MB.
System memory in use after: 129.1 MB.

Unloading 5 unused Assets to reduce memory usage. Loaded Objects now: 1664.
Total: 1.763399 ms (FindLiveObjects: 0.241955 ms CreateObjectMapping: 0.044555 ms MarkObjects: 1.422028 ms  DeleteObjects: 0.053015 ms)

